<?xml version="1.0" encoding="UTF-8"?>
<testng-results ignored="2" total="3" passed="1" failed="0" skipped="0">
  <reporter-output>
  </reporter-output>
  <suite started-at="2024-07-10T10:31:05 IST" name="Default suite" finished-at="2024-07-10T10:31:33 IST" duration-ms="27868">
    <groups>
    </groups>
    <test started-at="2024-07-10T10:31:05 IST" name="Default test" finished-at="2024-07-10T10:31:33 IST" duration-ms="27868">
      <class name="practice.testng.thaOnnumeyilla">
        <test-method is-config="true" signature="configBS()[pri:0, instance:practice.testng.thaOnnumeyilla@7db12bb6]" started-at="2024-07-10T10:31:05 IST" name="configBS" finished-at="2024-07-10T10:31:05 IST" duration-ms="10" status="PASS">
          <reporter-output>
          </reporter-output>
        </test-method> <!-- configBS -->
        <test-method is-config="true" signature="configBC()[pri:0, instance:practice.testng.thaOnnumeyilla@7db12bb6]" started-at="2024-07-10T10:31:05 IST" name="configBC" finished-at="2024-07-10T10:31:07 IST" duration-ms="1927" status="PASS">
          <reporter-output>
          </reporter-output>
        </test-method> <!-- configBC -->
        <test-method is-config="true" signature="configBM()[pri:0, instance:practice.testng.thaOnnumeyilla@7db12bb6]" started-at="2024-07-10T10:31:07 IST" name="configBM" finished-at="2024-07-10T10:31:13 IST" duration-ms="6380" status="PASS">
          <reporter-output>
          </reporter-output>
        </test-method> <!-- configBM -->
        <test-method signature="createContactWithOrgandVerify()[pri:0, instance:practice.testng.thaOnnumeyilla@7db12bb6]" started-at="2024-07-10T10:31:13 IST" name="createContactWithOrgandVerify" finished-at="2024-07-10T10:31:31 IST" duration-ms="17985" status="PASS">
          <reporter-output>
          </reporter-output>
        </test-method> <!-- createContactWithOrgandVerify -->
        <test-method is-config="true" signature="configAM()[pri:0, instance:practice.testng.thaOnnumeyilla@7db12bb6]" started-at="2024-07-10T10:31:31 IST" name="configAM" finished-at="2024-07-10T10:31:32 IST" duration-ms="1254" status="PASS">
          <reporter-output>
          </reporter-output>
        </test-method> <!-- configAM -->
        <test-method is-config="true" signature="ConfigAc()[pri:0, instance:practice.testng.thaOnnumeyilla@7db12bb6]" started-at="2024-07-10T10:31:32 IST" name="ConfigAc" finished-at="2024-07-10T10:31:33 IST" duration-ms="285" status="PASS">
          <reporter-output>
          </reporter-output>
        </test-method> <!-- ConfigAc -->
        <test-method is-config="true" signature="configAS()[pri:0, instance:practice.testng.thaOnnumeyilla@7db12bb6]" started-at="2024-07-10T10:31:33 IST" name="configAS" finished-at="2024-07-10T10:31:33 IST" duration-ms="1" status="PASS">
          <reporter-output>
          </reporter-output>
        </test-method> <!-- configAS -->
      </class> <!-- practice.testng.thaOnnumeyilla -->
    </test> <!-- Default test -->
  </suite> <!-- Default suite -->
</testng-results>
