<?xml version="1.0" encoding="UTF-8"?>
<!-- Generated by org.testng.reporters.JUnitXMLReporter -->
<testsuite ignored="2" hostname="DESKTOP-EU4AOID" failures="0" tests="1" name="Default test" time="27.868" errors="0" timestamp="2024-07-10T10:31:33 IST">
  <testcase classname="practice.testng.thaOnnumeyilla" name="createContactWithOrgandVerify" time="17.985"/>
  <testcase classname="practice.testng.thaOnnumeyilla" name="createContactWithDates" time="0.0">
    <ignored/>
  </testcase> <!-- createContactWithDates -->
  <testcase classname="practice.testng.thaOnnumeyilla" name="createContact" time="0.0">
    <ignored/>
  </testcase> <!-- createContact -->
</testsuite> <!-- Default test -->
