<?xml version="1.0" encoding="UTF-8"?>
<!-- Generated by org.testng.reporters.JUnitXMLReporter -->
<testsuite ignored="2" hostname="DESKTOP-EU4AOID" failures="0" tests="4" name="Test2" time="49.561" errors="0" timestamp="2024-07-04T12:56:37 IST">
  <testcase classname="com.crm.comcastorgtest.CreateOrgTest" name="createOrgTest" time="0.001"/>
  <testcase classname="com.crm.comcastorgtest.CreateOrgTest" name="createOrgWithIndustries" time="0.002"/>
  <testcase classname="com.comcast.crm.contactTest.CreateContactTestWithAnnotation" name="createContactTest" time="0.004"/>
  <testcase classname="com.comcast.crm.contactTest.CreateContactTestWithAnnotation" name="createContactWithDates" time="0.005"/>
  <testcase classname="com.comcast.crm.basetest.BaseClass" name="@BeforeSuite configBS" time="0.0">
    <ignored/>
  </testcase> <!-- @BeforeSuite configBS -->
  <testcase classname="com.comcast.crm.basetest.BaseClass" name="@AfterSuite configAS" time="0.0">
    <ignored/>
  </testcase> <!-- @AfterSuite configAS -->
</testsuite> <!-- Test2 -->
