<?xml version="1.0" encoding="UTF-8"?>
<!-- Generated by org.testng.reporters.JUnitXMLReporter -->
<testsuite ignored="0" hostname="DESKTOP-EU4AOID" failures="1" tests="2" name="Test" time="23.863" errors="0" timestamp="2024-07-04T14:34:22 IST">
  <testcase classname="practice.testng.Listeners1stVideo1stProg" name="createInvoiceTest" time="0.082">
    <failure type="java.lang.AssertionError" message="expected [login] but found [Administrator - Home - vtiger CRM 5 - Commercial Open Source CRM]">
      <![CDATA[java.lang.AssertionError: expected [login] but found [Administrator - Home - vtiger CRM 5 - Commercial Open Source CRM]
at practice.testng.Listeners1stVideo1stProg.createInvoiceTest(Listeners1stVideo1stProg.java:15)
at java.base/java.util.ArrayList.forEach(ArrayList.java:1511)
... Removed 33 stack frames]]>
    </failure>
  </testcase> <!-- createInvoiceTest -->
  <testcase classname="practice.testng.Listeners1stVideo1stProg" name="createInvoiceWithContactTest" time="0.002"/>
</testsuite> <!-- Test -->
